# JRE version: OpenJDK Runtime Environment (11.0.10) (build 11.0.10+0-b96-7249189)
# Java VM: OpenJDK 64-Bit Server VM (11.0.10+0-b96-7249189, mixed mode, tiered, compressed oops, g1 gc, windows-amd64)
Heap:
 garbage-first heap   total 567296K, used 246305K [0x0000000080000000, 0x0000000100000000)
  region size 1024K, 4 young (4096K), 4 survivors (4096K)
 Metaspace       used 112233K, capacity 115515K, committed 115840K, reserved 1148928K
  class space    used 14469K, capacity 15709K, committed 15820K, reserved 1048576K
GC Heap History (20 events):
Event: 23.627 GC heap after
{Heap after GC invocations=44 (full 0):
 garbage-first heap   total 187392K, used 118142K [0x0000000080000000, 0x0000000100000000)
  region size 1024K, 2 young (2048K), 2 survivors (2048K)
 Metaspace       used 102282K, capacity 104985K, committed 105216K, reserved 1140736K
  class space    used 13078K, capacity 14057K, committed 14156K, reserved 1048576K
}
Event: 23.748 GC heap before
{Heap before GC invocations=44 (full 0):
 garbage-first heap   total 187392K, used 145790K [0x0000000080000000, 0x0000000100000000)
  region size 1024K, 30 young (30720K), 2 survivors (2048K)
 Metaspace       used 103856K, capacity 106630K, committed 106880K, reserved 1142784K
  class space    used 13280K, capacity 14272K, committed 14284K, reserved 1048576K
}
Event: 23.765 GC heap after
{Heap after GC invocations=45 (full 0):
 garbage-first heap   total 187392K, used 125521K [0x0000000080000000, 0x0000000100000000)
  region size 1024K, 4 young (4096K), 4 survivors (4096K)
 Metaspace       used 103856K, capacity 106630K, committed 106880K, reserved 1142784K
  class space    used 13280K, capacity 14272K, committed 14284K, reserved 1048576K
}
Event: 24.115 GC heap before
{Heap before GC invocations=46 (full 0):
 garbage-first heap   total 187392K, used 148049K [0x0000000080000000, 0x0000000100000000)
  region size 1024K, 29 young (29696K), 4 survivors (4096K)
 Metaspace       used 107063K, capacity 109981K, committed 110208K, reserved 1144832K
  class space    used 13848K, capacity 14949K, committed 15052K, reserved 1048576K
}
Event: 24.126 GC heap after
{Heap after GC invocations=47 (full 0):
 garbage-first heap   total 257024K, used 125678K [0x0000000080000000, 0x0000000100000000)
  region size 1024K, 3 young (3072K), 3 survivors (3072K)
 Metaspace       used 107063K, capacity 109981K, committed 110208K, reserved 1144832K
  class space    used 13848K, capacity 14949K, committed 15052K, reserved 1048576K
}
Event: 24.189 GC heap before
{Heap before GC invocations=47 (full 0):
 garbage-first heap   total 257024K, used 134894K [0x0000000080000000, 0x0000000100000000)
  region size 1024K, 12 young (12288K), 3 survivors (3072K)
 Metaspace       used 107497K, capacity 110416K, committed 110464K, reserved 1144832K
  class space    used 13913K, capacity 15009K, committed 15052K, reserved 1048576K
}
Event: 24.194 GC heap after
{Heap after GC invocations=48 (full 0):
 garbage-first heap   total 257024K, used 127317K [0x0000000080000000, 0x0000000100000000)
  region size 1024K, 2 young (2048K), 2 survivors (2048K)
 Metaspace       used 107497K, capacity 110416K, committed 110464K, reserved 1144832K
  class space    used 13913K, capacity 15009K, committed 15052K, reserved 1048576K
}
Event: 24.566 GC heap before
{Heap before GC invocations=48 (full 0):
 garbage-first heap   total 257024K, used 176469K [0x0000000080000000, 0x0000000100000000)
  region size 1024K, 51 young (52224K), 2 survivors (2048K)
 Metaspace       used 109727K, capacity 112926K, committed 113152K, reserved 1146880K
  class space    used 14191K, capacity 15367K, committed 15436K, reserved 1048576K
}
Event: 24.574 GC heap after
{Heap after GC invocations=49 (full 0):
 garbage-first heap   total 257024K, used 130782K [0x0000000080000000, 0x0000000100000000)
  region size 1024K, 6 young (6144K), 6 survivors (6144K)
 Metaspace       used 109727K, capacity 112926K, committed 113152K, reserved 1146880K
  class space    used 14191K, capacity 15367K, committed 15436K, reserved 1048576K
}
Event: 25.344 GC heap before
{Heap before GC invocations=49 (full 0):
 garbage-first heap   total 257024K, used 205534K [0x0000000080000000, 0x0000000100000000)
  region size 1024K, 57 young (58368K), 6 survivors (6144K)
 Metaspace       used 111075K, capacity 114225K, committed 114560K, reserved 1148928K
  class space    used 14288K, capacity 15477K, committed 15564K, reserved 1048576K
}
Event: 25.353 GC heap after
{Heap after GC invocations=50 (full 0):
 garbage-first heap   total 257024K, used 148941K [0x0000000080000000, 0x0000000100000000)
  region size 1024K, 8 young (8192K), 8 survivors (8192K)
 Metaspace       used 111075K, capacity 114225K, committed 114560K, reserved 1148928K
  class space    used 14288K, capacity 15477K, committed 15564K, reserved 1048576K
}
Event: 25.721 GC heap before
{Heap before GC invocations=50 (full 0):
 garbage-first heap   total 257024K, used 198093K [0x0000000080000000, 0x0000000100000000)
  region size 1024K, 53 young (54272K), 8 survivors (8192K)
 Metaspace       used 111902K, capacity 115097K, committed 115328K, reserved 1148928K
  class space    used 14452K, capacity 15686K, committed 15820K, reserved 1048576K
}
Event: 25.750 GC heap after
{Heap after GC invocations=51 (full 0):
 garbage-first heap   total 319488K, used 170282K [0x0000000080000000, 0x0000000100000000)
  region size 1024K, 7 young (7168K), 7 survivors (7168K)
 Metaspace       used 111902K, capacity 115097K, committed 115328K, reserved 1148928K
  class space    used 14452K, capacity 15686K, committed 15820K, reserved 1048576K
}
Event: 26.269 GC heap before
{Heap before GC invocations=51 (full 0):
 garbage-first heap   total 319488K, used 230698K [0x0000000080000000, 0x0000000100000000)
  region size 1024K, 65 young (66560K), 7 survivors (7168K)
 Metaspace       used 112071K, capacity 115337K, committed 115584K, reserved 1148928K
  class space    used 14462K, capacity 15697K, committed 15820K, reserved 1048576K
}
Event: 26.301 GC heap after
{Heap after GC invocations=52 (full 0):
 garbage-first heap   total 319488K, used 201984K [0x0000000080000000, 0x0000000100000000)
  region size 1024K, 9 young (9216K), 9 survivors (9216K)
 Metaspace       used 112071K, capacity 115337K, committed 115584K, reserved 1148928K
  class space    used 14462K, capacity 15697K, committed 15820K, reserved 1048576K
}
Event: 26.806 GC heap before
{Heap before GC invocations=52 (full 0):
 garbage-first heap   total 319488K, used 243968K [0x0000000080000000, 0x0000000100000000)
  region size 1024K, 50 young (51200K), 9 survivors (9216K)
 Metaspace       used 112160K, capacity 115413K, committed 115584K, reserved 1148928K
  class space    used 14462K, capacity 15697K, committed 15820K, reserved 1048576K
}
Event: 26.831 GC heap after
{Heap after GC invocations=53 (full 0):
 garbage-first heap   total 319488K, used 214016K [0x0000000080000000, 0x0000000100000000)
  region size 1024K, 7 young (7168K), 7 survivors (7168K)
 Metaspace       used 112160K, capacity 115413K, committed 115584K, reserved 1148928K
  class space    used 14462K, capacity 15697K, committed 15820K, reserved 1048576K
}
Event: 27.560 GC heap before
{Heap before GC invocations=53 (full 0):
 garbage-first heap   total 319488K, used 266240K [0x0000000080000000, 0x0000000100000000)
  region size 1024K, 44 young (45056K), 7 survivors (7168K)
 Metaspace       used 112195K, capacity 115417K, committed 115584K, reserved 1148928K
  class space    used 14462K, capacity 15697K, committed 15820K, reserved 1048576K
}
Event: 27.580 GC heap after
{Heap after GC invocations=54 (full 0):
 garbage-first heap   total 319488K, used 235313K [0x0000000080000000, 0x0000000100000000)
  region size 1024K, 6 young (6144K), 6 survivors (6144K)
 Metaspace       used 112195K, capacity 115417K, committed 115584K, reserved 1148928K
  class space    used 14462K, capacity 15697K, committed 15820K, reserved 1048576K
}
Event: 28.097 GC heap before
{Heap before GC invocations=54 (full 0):
 garbage-first heap   total 319488K, used 270129K [0x0000000080000000, 0x0000000100000000)
  region size 1024K, 34 young (34816K), 6 survivors (6144K)
 Metaspace       used 112233K, capacity 115515K, committed 115840K, reserved 1148928K
  class space    used 14469K, capacity 15709K, committed 15820K, reserved 1048576K
}

