# JRE version: OpenJDK Runtime Environment (11.0.10) (build 11.0.10+0-b96-7249189)
# Java VM: OpenJDK 64-Bit Server VM (11.0.10+0-b96-7249189, mixed mode, tiered, compressed oops, g1 gc, windows-amd64)
Heap:
 garbage-first heap   total 449536K, used 305666K [0x0000000080000000, 0x0000000100000000)
  region size 1024K, 90 young (92160K), 1 survivors (1024K)
 Metaspace       used 114888K, capacity 118162K, committed 119244K, reserved 1153024K
  class space    used 14609K, capacity 15846K, committed 16332K, reserved 1048576K
GC Heap History (20 events):
Event: 322.288 GC heap before
{Heap before GC invocations=67 (full 0):
 garbage-first heap   total 449536K, used 129597K [0x0000000080000000, 0x0000000100000000)
  region size 1024K, 11 young (11264K), 3 survivors (3072K)
 Metaspace       used 114346K, capacity 117496K, committed 118732K, reserved 1150976K
  class space    used 14589K, capacity 15814K, committed 16332K, reserved 1048576K
}
Event: 322.296 GC heap after
{Heap after GC invocations=68 (full 0):
 garbage-first heap   total 449536K, used 126976K [0x0000000080000000, 0x0000000100000000)
  region size 1024K, 4 young (4096K), 4 survivors (4096K)
 Metaspace       used 114346K, capacity 117496K, committed 118732K, reserved 1150976K
  class space    used 14589K, capacity 15814K, committed 16332K, reserved 1048576K
}
Event: 322.725 GC heap before
{Heap before GC invocations=69 (full 0):
 garbage-first heap   total 449536K, used 187392K [0x0000000080000000, 0x0000000100000000)
  region size 1024K, 60 young (61440K), 4 survivors (4096K)
 Metaspace       used 114347K, capacity 117496K, committed 118732K, reserved 1150976K
  class space    used 14590K, capacity 15814K, committed 16332K, reserved 1048576K
}
Event: 322.862 GC heap after
{Heap after GC invocations=70 (full 0):
 garbage-first heap   total 449536K, used 156955K [0x0000000080000000, 0x0000000100000000)
  region size 1024K, 8 young (8192K), 8 survivors (8192K)
 Metaspace       used 114347K, capacity 117496K, committed 118732K, reserved 1150976K
  class space    used 14590K, capacity 15814K, committed 16332K, reserved 1048576K
}
Event: 322.892 GC heap before
{Heap before GC invocations=70 (full 0):
 garbage-first heap   total 449536K, used 169243K [0x0000000080000000, 0x0000000100000000)
  region size 1024K, 21 young (21504K), 8 survivors (8192K)
 Metaspace       used 114347K, capacity 117496K, committed 118732K, reserved 1150976K
  class space    used 14590K, capacity 15814K, committed 16332K, reserved 1048576K
}
Event: 322.915 GC heap after
{Heap after GC invocations=71 (full 0):
 garbage-first heap   total 449536K, used 164653K [0x0000000080000000, 0x0000000100000000)
  region size 1024K, 3 young (3072K), 3 survivors (3072K)
 Metaspace       used 114347K, capacity 117496K, committed 118732K, reserved 1150976K
  class space    used 14590K, capacity 15814K, committed 16332K, reserved 1048576K
}
Event: 322.958 GC heap before
{Heap before GC invocations=71 (full 0):
 garbage-first heap   total 449536K, used 186157K [0x0000000080000000, 0x0000000100000000)
  region size 1024K, 25 young (25600K), 3 survivors (3072K)
 Metaspace       used 114347K, capacity 117496K, committed 118732K, reserved 1150976K
  class space    used 14590K, capacity 15814K, committed 16332K, reserved 1048576K
}
Event: 323.222 GC heap after
{Heap after GC invocations=72 (full 0):
 garbage-first heap   total 449536K, used 177095K [0x0000000080000000, 0x0000000100000000)
  region size 1024K, 4 young (4096K), 4 survivors (4096K)
 Metaspace       used 114347K, capacity 117496K, committed 118732K, reserved 1150976K
  class space    used 14590K, capacity 15814K, committed 16332K, reserved 1048576K
}
Event: 323.838 GC heap before
{Heap before GC invocations=73 (full 0):
 garbage-first heap   total 449536K, used 264135K [0x0000000080000000, 0x0000000100000000)
  region size 1024K, 76 young (77824K), 4 survivors (4096K)
 Metaspace       used 114352K, capacity 117497K, committed 118732K, reserved 1150976K
  class space    used 14590K, capacity 15814K, committed 16332K, reserved 1048576K
}
Event: 323.856 GC heap after
{Heap after GC invocations=74 (full 0):
 garbage-first heap   total 449536K, used 201665K [0x0000000080000000, 0x0000000100000000)
  region size 1024K, 10 young (10240K), 10 survivors (10240K)
 Metaspace       used 114352K, capacity 117497K, committed 118732K, reserved 1150976K
  class space    used 14590K, capacity 15814K, committed 16332K, reserved 1048576K
}
Event: 323.974 GC heap before
{Heap before GC invocations=74 (full 0):
 garbage-first heap   total 449536K, used 216001K [0x0000000080000000, 0x0000000100000000)
  region size 1024K, 21 young (21504K), 10 survivors (10240K)
 Metaspace       used 114353K, capacity 117497K, committed 118732K, reserved 1150976K
  class space    used 14591K, capacity 15814K, committed 16332K, reserved 1048576K
}
Event: 324.000 GC heap after
{Heap after GC invocations=75 (full 0):
 garbage-first heap   total 449536K, used 205282K [0x0000000080000000, 0x0000000100000000)
  region size 1024K, 2 young (2048K), 2 survivors (2048K)
 Metaspace       used 114353K, capacity 117497K, committed 118732K, reserved 1150976K
  class space    used 14591K, capacity 15814K, committed 16332K, reserved 1048576K
}
Event: 324.106 GC heap before
{Heap before GC invocations=75 (full 0):
 garbage-first heap   total 449536K, used 209378K [0x0000000080000000, 0x0000000100000000)
  region size 1024K, 7 young (7168K), 2 survivors (2048K)
 Metaspace       used 114354K, capacity 117497K, committed 118732K, reserved 1150976K
  class space    used 14591K, capacity 15814K, committed 16332K, reserved 1048576K
}
Event: 324.111 GC heap after
{Heap after GC invocations=76 (full 0):
 garbage-first heap   total 449536K, used 205331K [0x0000000080000000, 0x0000000100000000)
  region size 1024K, 2 young (2048K), 2 survivors (2048K)
 Metaspace       used 114354K, capacity 117497K, committed 118732K, reserved 1150976K
  class space    used 14591K, capacity 15814K, committed 16332K, reserved 1048576K
}
Event: 324.729 GC heap before
{Heap before GC invocations=77 (full 0):
 garbage-first heap   total 449536K, used 296467K [0x0000000080000000, 0x0000000100000000)
  region size 1024K, 83 young (84992K), 2 survivors (2048K)
 Metaspace       used 114354K, capacity 117497K, committed 118732K, reserved 1150976K
  class space    used 14591K, capacity 15814K, committed 16332K, reserved 1048576K
}
Event: 324.739 GC heap after
{Heap after GC invocations=78 (full 0):
 garbage-first heap   total 449536K, used 224375K [0x0000000080000000, 0x0000000100000000)
  region size 1024K, 11 young (11264K), 11 survivors (11264K)
 Metaspace       used 114354K, capacity 117497K, committed 118732K, reserved 1150976K
  class space    used 14591K, capacity 15814K, committed 16332K, reserved 1048576K
}
Event: 324.770 GC heap before
{Heap before GC invocations=78 (full 0):
 garbage-first heap   total 449536K, used 234615K [0x0000000080000000, 0x0000000100000000)
  region size 1024K, 21 young (21504K), 11 survivors (11264K)
 Metaspace       used 114355K, capacity 117497K, committed 118732K, reserved 1150976K
  class space    used 14591K, capacity 15814K, committed 16332K, reserved 1048576K
}
Event: 324.797 GC heap after
{Heap after GC invocations=79 (full 0):
 garbage-first heap   total 449536K, used 217260K [0x0000000080000000, 0x0000000100000000)
  region size 1024K, 1 young (1024K), 1 survivors (1024K)
 Metaspace       used 114355K, capacity 117497K, committed 118732K, reserved 1150976K
  class space    used 14591K, capacity 15814K, committed 16332K, reserved 1048576K
}
Event: 325.658 GC heap before
{Heap before GC invocations=79 (full 0):
 garbage-first heap   total 449536K, used 258220K [0x0000000080000000, 0x0000000100000000)
  region size 1024K, 42 young (43008K), 1 survivors (1024K)
 Metaspace       used 114402K, capacity 117567K, committed 118732K, reserved 1150976K
  class space    used 14592K, capacity 15816K, committed 16332K, reserved 1048576K
}
Event: 325.672 GC heap after
{Heap after GC invocations=80 (full 0):
 garbage-first heap   total 449536K, used 217602K [0x0000000080000000, 0x0000000100000000)
  region size 1024K, 1 young (1024K), 1 survivors (1024K)
 Metaspace       used 114402K, capacity 117567K, committed 118732K, reserved 1150976K
  class space    used 14592K, capacity 15816K, committed 16332K, reserved 1048576K
}

