# JRE version: OpenJDK Runtime Environment (11.0.10) (build 11.0.10+0-b96-7249189)
# Java VM: OpenJDK 64-Bit Server VM (11.0.10+0-b96-7249189, mixed mode, tiered, compressed oops, g1 gc, windows-amd64)
Heap:
 garbage-first heap   total 434176K, used 259592K [0x0000000080000000, 0x0000000100000000)
  region size 1024K, 46 young (47104K), 14 survivors (14336K)
 Metaspace       used 120805K, capacity 124301K, committed 125568K, reserved 1157120K
  class space    used 14934K, capacity 16204K, committed 17024K, reserved 1048576K
GC Heap History (20 events):
Event: 1842.642 GC heap before
{Heap before GC invocations=92 (full 0):
 garbage-first heap   total 434176K, used 249714K [0x0000000080000000, 0x0000000100000000)
  region size 1024K, 29 young (29696K), 4 survivors (4096K)
 Metaspace       used 119158K, capacity 122213K, committed 124800K, reserved 1157120K
  class space    used 14753K, capacity 15870K, committed 17024K, reserved 1048576K
}
Event: 1842.673 GC heap after
{Heap after GC invocations=93 (full 0):
 garbage-first heap   total 434176K, used 233840K [0x0000000080000000, 0x0000000100000000)
  region size 1024K, 4 young (4096K), 4 survivors (4096K)
 Metaspace       used 119158K, capacity 122213K, committed 124800K, reserved 1157120K
  class space    used 14753K, capacity 15870K, committed 17024K, reserved 1048576K
}
Event: 1842.871 GC heap before
{Heap before GC invocations=93 (full 0):
 garbage-first heap   total 434176K, used 261488K [0x0000000080000000, 0x0000000100000000)
  region size 1024K, 21 young (21504K), 4 survivors (4096K)
 Metaspace       used 119158K, capacity 122213K, committed 124800K, reserved 1157120K
  class space    used 14753K, capacity 15870K, committed 17024K, reserved 1048576K
}
Event: 1842.889 GC heap after
{Heap after GC invocations=94 (full 0):
 garbage-first heap   total 434176K, used 206404K [0x0000000080000000, 0x0000000100000000)
  region size 1024K, 3 young (3072K), 3 survivors (3072K)
 Metaspace       used 119158K, capacity 122213K, committed 124800K, reserved 1157120K
  class space    used 14753K, capacity 15870K, committed 17024K, reserved 1048576K
}
Event: 1843.127 GC heap before
{Heap before GC invocations=94 (full 0):
 garbage-first heap   total 434176K, used 233028K [0x0000000080000000, 0x0000000100000000)
  region size 1024K, 21 young (21504K), 3 survivors (3072K)
 Metaspace       used 119158K, capacity 122213K, committed 124800K, reserved 1157120K
  class space    used 14753K, capacity 15870K, committed 17024K, reserved 1048576K
}
Event: 1843.146 GC heap after
{Heap after GC invocations=95 (full 0):
 garbage-first heap   total 434176K, used 201707K [0x0000000080000000, 0x0000000100000000)
  region size 1024K, 3 young (3072K), 3 survivors (3072K)
 Metaspace       used 119158K, capacity 122213K, committed 124800K, reserved 1157120K
  class space    used 14753K, capacity 15870K, committed 17024K, reserved 1048576K
}
Event: 1843.335 GC heap before
{Heap before GC invocations=95 (full 0):
 garbage-first heap   total 434176K, used 294891K [0x0000000080000000, 0x0000000100000000)
  region size 1024K, 79 young (80896K), 3 survivors (3072K)
 Metaspace       used 119158K, capacity 122213K, committed 124800K, reserved 1157120K
  class space    used 14753K, capacity 15870K, committed 17024K, reserved 1048576K
}
Event: 1843.349 GC heap after
{Heap after GC invocations=96 (full 0):
 garbage-first heap   total 434176K, used 227718K [0x0000000080000000, 0x0000000100000000)
  region size 1024K, 10 young (10240K), 10 survivors (10240K)
 Metaspace       used 119158K, capacity 122213K, committed 124800K, reserved 1157120K
  class space    used 14753K, capacity 15870K, committed 17024K, reserved 1048576K
}
Event: 1941.489 GC heap before
{Heap before GC invocations=96 (full 0):
 garbage-first heap   total 434176K, used 337286K [0x0000000080000000, 0x0000000100000000)
  region size 1024K, 83 young (84992K), 10 survivors (10240K)
 Metaspace       used 119446K, capacity 122555K, committed 125056K, reserved 1157120K
  class space    used 14780K, capacity 15919K, committed 17024K, reserved 1048576K
}
Event: 1941.518 GC heap after
{Heap after GC invocations=97 (full 0):
 garbage-first heap   total 434176K, used 215055K [0x0000000080000000, 0x0000000100000000)
  region size 1024K, 5 young (5120K), 5 survivors (5120K)
 Metaspace       used 119446K, capacity 122555K, committed 125056K, reserved 1157120K
  class space    used 14780K, capacity 15919K, committed 17024K, reserved 1048576K
}
Event: 1944.310 GC heap before
{Heap before GC invocations=97 (full 0):
 garbage-first heap   total 434176K, used 319503K [0x0000000080000000, 0x0000000100000000)
  region size 1024K, 89 young (91136K), 5 survivors (5120K)
 Metaspace       used 119538K, capacity 122621K, committed 125056K, reserved 1157120K
  class space    used 14780K, capacity 15919K, committed 17024K, reserved 1048576K
}
Event: 1944.321 GC heap after
{Heap after GC invocations=98 (full 0):
 garbage-first heap   total 434176K, used 219863K [0x0000000080000000, 0x0000000100000000)
  region size 1024K, 9 young (9216K), 9 survivors (9216K)
 Metaspace       used 119538K, capacity 122621K, committed 125056K, reserved 1157120K
  class space    used 14780K, capacity 15919K, committed 17024K, reserved 1048576K
}
Event: 2019.897 GC heap before
{Heap before GC invocations=98 (full 0):
 garbage-first heap   total 434176K, used 332503K [0x0000000080000000, 0x0000000100000000)
  region size 1024K, 99 young (101376K), 9 survivors (9216K)
 Metaspace       used 119637K, capacity 122824K, committed 125312K, reserved 1157120K
  class space    used 14780K, capacity 15920K, committed 17024K, reserved 1048576K
}
Event: 2019.910 GC heap after
{Heap after GC invocations=99 (full 0):
 garbage-first heap   total 434176K, used 214493K [0x0000000080000000, 0x0000000100000000)
  region size 1024K, 3 young (3072K), 3 survivors (3072K)
 Metaspace       used 119637K, capacity 122824K, committed 125312K, reserved 1157120K
  class space    used 14780K, capacity 15920K, committed 17024K, reserved 1048576K
}
Event: 2023.039 GC heap before
{Heap before GC invocations=99 (full 0):
 garbage-first heap   total 434176K, used 335325K [0x0000000080000000, 0x0000000100000000)
  region size 1024K, 103 young (105472K), 3 survivors (3072K)
 Metaspace       used 119844K, capacity 122970K, committed 125312K, reserved 1157120K
  class space    used 14781K, capacity 15921K, committed 17024K, reserved 1048576K
}
Event: 2023.056 GC heap after
{Heap after GC invocations=100 (full 0):
 garbage-first heap   total 434176K, used 222360K [0x0000000080000000, 0x0000000100000000)
  region size 1024K, 11 young (11264K), 11 survivors (11264K)
 Metaspace       used 119844K, capacity 122970K, committed 125312K, reserved 1157120K
  class space    used 14781K, capacity 15921K, committed 17024K, reserved 1048576K
}
Event: 2366.861 GC heap before
{Heap before GC invocations=100 (full 0):
 garbage-first heap   total 434176K, used 347288K [0x0000000080000000, 0x0000000100000000)
  region size 1024K, 113 young (115712K), 11 survivors (11264K)
 Metaspace       used 120385K, capacity 123697K, committed 125568K, reserved 1157120K
  class space    used 14851K, capacity 16051K, committed 17024K, reserved 1048576K
}
Event: 2366.890 GC heap after
{Heap after GC invocations=101 (full 0):
 garbage-first heap   total 434176K, used 217823K [0x0000000080000000, 0x0000000100000000)
  region size 1024K, 5 young (5120K), 5 survivors (5120K)
 Metaspace       used 120385K, capacity 123697K, committed 125568K, reserved 1157120K
  class space    used 14851K, capacity 16051K, committed 17024K, reserved 1048576K
}
Event: 2371.834 GC heap before
{Heap before GC invocations=101 (full 0):
 garbage-first heap   total 434176K, used 349919K [0x0000000080000000, 0x0000000100000000)
  region size 1024K, 116 young (118784K), 5 survivors (5120K)
 Metaspace       used 120725K, capacity 124245K, committed 125568K, reserved 1157120K
  class space    used 14926K, capacity 16188K, committed 17024K, reserved 1048576K
}
Event: 2371.915 GC heap after
{Heap after GC invocations=102 (full 0):
 garbage-first heap   total 434176K, used 226824K [0x0000000080000000, 0x0000000100000000)
  region size 1024K, 14 young (14336K), 14 survivors (14336K)
 Metaspace       used 120725K, capacity 124245K, committed 125568K, reserved 1157120K
  class space    used 14926K, capacity 16188K, committed 17024K, reserved 1048576K
}

